<?xml version="1.0" encoding="UTF-8"?>
<!-- Generated by org.testng.reporters.JUnitReportReporter -->
<testsuite hostname="LAPTOP-6UNA8P7R" failures="0" tests="1" name="org.AppiumBasic.MicellaneousActions" time="14.497" errors="0" timestamp="2023-11-13T17:29:06 EST" skipped="0">
  <testcase classname="org.AppiumBasic.MicellaneousActions" name="Micellaneous" time="14.497"/>
  <system-out/>
</testsuite> <!-- org.AppiumBasic.MicellaneousActions -->
