<?xml version="1.0" encoding="UTF-8"?>
<!-- Generated by org.testng.reporters.JUnitReportReporter -->
<testsuite hostname="LAPTOP-6UNA8P7R" failures="0" tests="2" name="org.AppiumTestCases.eCommerce_TC8_extentreport2" time="46.439" errors="0" timestamp="2024-11-18T13:09:24 EST" skipped="0">
  <testcase classname="org.AppiumTestCases.eCommerce_TC8_extentreport2" name="fillForm" time="22.512"/>
  <system-out/>
  <testcase classname="org.AppiumTestCases.eCommerce_TC8_extentreport2" name="fillForm" time="23.927"/>
  <system-out/>
</testsuite> <!-- org.AppiumTestCases.eCommerce_TC8_extentreport2 -->
