<?xml version="1.0" encoding="UTF-8"?>
<!-- Generated by org.testng.reporters.JUnitReportReporter -->
<testsuite hostname="LAPTOP-6UNA8P7R" failures="0" tests="1" name="org.AppiumBasic.LongPressDemo" time="6.318" errors="0" timestamp="2023-11-12T00:48:11 EST" skipped="0">
  <testcase classname="org.AppiumBasic.LongPressDemo" name="LongPressGester" time="6.318"/>
  <system-out/>
</testsuite> <!-- org.AppiumBasic.LongPressDemo -->
