<?xml version="1.0" encoding="UTF-8"?>
<!-- Generated by org.testng.reporters.JUnitReportReporter -->
<testsuite hostname="LAPTOP-6UNA8P7R" failures="0" tests="1" name="org.AppiumBasic.ScrollDemo" time="5.751" errors="0" timestamp="2023-11-12T01:00:55 EST" skipped="0">
  <testcase classname="org.AppiumBasic.ScrollDemo" name="ScrollDemoTest" time="5.751"/>
  <system-out/>
</testsuite> <!-- org.AppiumBasic.ScrollDemo -->
