<?xml version="1.0" encoding="UTF-8"?>
<!-- Generated by org.testng.reporters.JUnitReportReporter -->
<testsuite hostname="LAPTOP-6UNA8P7R" failures="0" tests="2" name="org.AppiumTestCases.eCommerce_TC1_Tostmessage" time="34.502" errors="0" timestamp="2024-11-16T00:49:48 EST" skipped="0">
  <testcase classname="org.AppiumTestCases.eCommerce_TC1_Tostmessage" name="fillForm_ErrorValidation" time="11.697"/>
  <system-out/>
  <testcase classname="org.AppiumTestCases.eCommerce_TC1_Tostmessage" name="fillForm_PositiveValidation" time="22.805"/>
  <system-out/>
</testsuite> <!-- org.AppiumTestCases.eCommerce_TC1_Tostmessage -->
