<?xml version="1.0" encoding="UTF-8"?>
<!-- Generated by org.testng.reporters.JUnitReportReporter -->
<testsuite hostname="LAPTOP-6UNA8P7R" failures="0" tests="1" name="org.AppiumBasic.SwipeDemo" time="5.935" errors="0" timestamp="2023-11-13T12:24:46 EST" skipped="0">
  <testcase classname="org.AppiumBasic.SwipeDemo" name="SwipeDemoTest" time="5.935"/>
  <system-out/>
</testsuite> <!-- org.AppiumBasic.SwipeDemo -->
