<?xml version="1.0" encoding="UTF-8"?>
<!-- Generated by org.testng.reporters.JUnitReportReporter -->
<testsuite hostname="LAPTOP-6UNA8P7R" failures="0" tests="2" name="org.AppiumTestCases.eCommerce_TC3_TestDiffrntPage" time="29.621" errors="0" timestamp="2024-11-17T00:17:54 EST" skipped="0">
  <testcase classname="org.AppiumTestCases.eCommerce_TC3_TestDiffrntPage" name="fillForm_ErrorValidation" time="9.701"/>
  <system-out/>
  <testcase classname="org.AppiumTestCases.eCommerce_TC3_TestDiffrntPage" name="fillForm_PositiveFlow" time="19.920"/>
  <system-out/>
</testsuite> <!-- org.AppiumTestCases.eCommerce_TC3_TestDiffrntPage -->
