<?xml version="1.0" encoding="UTF-8"?>
<!-- Generated by org.testng.reporters.JUnitReportReporter -->
<testsuite hostname="LAPTOP-6UNA8P7R" failures="0" tests="1" name="org.AppiumBasic.DragDropDemo" time="3.719" errors="0" timestamp="2023-11-13T12:32:34 EST" skipped="0">
  <testcase classname="org.AppiumBasic.DragDropDemo" name="DragDropTest" time="3.719"/>
  <system-out/>
</testsuite> <!-- org.AppiumBasic.DragDropDemo -->
