<?xml version="1.0" encoding="UTF-8"?>
<!-- Generated by org.testng.reporters.JUnitReportReporter -->
<testsuite hostname="LAPTOP-6UNA8P7R" failures="0" tests="2" name="org.AppiumTestCases.eCommerce_TC4_JsonDataprovider2" time="42.695" errors="0" timestamp="2024-04-12T00:51:55 EDT" skipped="0">
  <testcase classname="org.AppiumTestCases.eCommerce_TC4_JsonDataprovider2" name="fillForm" time="21.749"/>
  <system-out/>
  <testcase classname="org.AppiumTestCases.eCommerce_TC4_JsonDataprovider2" name="fillForm" time="20.946"/>
  <system-out/>
</testsuite> <!-- org.AppiumTestCases.eCommerce_TC4_JsonDataprovider2 -->
