<?xml version="1.0" encoding="UTF-8"?>
<!-- Generated by org.testng.reporters.JUnitReportReporter -->
<testsuite hostname="LAPTOP-6UNA8P7R" failures="0" tests="1" name="org.AppiumBasic.GotodirectPage" time="13.794" errors="0" timestamp="2023-11-14T13:01:00 EST" skipped="0">
  <testcase classname="org.AppiumBasic.GotodirectPage" name="Micellaneous" time="13.794"/>
  <system-out/>
</testsuite> <!-- org.AppiumBasic.GotodirectPage -->
