<?xml version="1.0" encoding="UTF-8"?>
<!-- Generated by org.testng.reporters.JUnitReportReporter -->
<testsuite hostname="LAPTOP-6UNA8P7R" failures="0" tests="1" name="org.AppiumBasic.eCommerce_Tostmessage" time="9.739" errors="0" timestamp="2023-11-14T14:38:13 EST" skipped="0">
  <testcase classname="org.AppiumBasic.eCommerce_Tostmessage" name="fillForm_ErrorValidation" time="9.739"/>
  <system-out/>
</testsuite> <!-- org.AppiumBasic.eCommerce_Tostmessage -->
