<?xml version="1.0" encoding="UTF-8"?>
<!-- Generated by org.testng.reporters.JUnitReportReporter -->
<testsuite hostname="LAPTOP-6UNA8P7R" failures="0" tests="1" name="org.AppiumBasic.eCommerce_TC4_SwitchGoogle" time="3.917" errors="0" timestamp="2023-12-05T13:58:57 EST" skipped="0">
  <testcase classname="org.AppiumBasic.eCommerce_TC4_SwitchGoogle" name="fillForm" time="3.917"/>
  <system-out/>
</testsuite> <!-- org.AppiumBasic.eCommerce_TC4_SwitchGoogle -->
