<?xml version="1.0" encoding="UTF-8"?>
<!-- Generated by org.testng.reporters.JUnitReportReporter -->
<testsuite hostname="LAPTOP-6UNA8P7R" failures="0" tests="2" name="org.AppiumTestCases.eCommerce_TC1_2TestSamePage" time="23.542" errors="0" timestamp="2024-04-25T11:27:04 EDT" skipped="0">
  <testcase classname="org.AppiumTestCases.eCommerce_TC1_2TestSamePage" name="fillForm_ErrorValidation" time="10.449"/>
  <system-out/>
  <testcase classname="org.AppiumTestCases.eCommerce_TC1_2TestSamePage" name="fillForm_PositiveFlow" time="13.093"/>
  <system-out/>
</testsuite> <!-- org.AppiumTestCases.eCommerce_TC1_2TestSamePage -->
