<?xml version="1.0" encoding="UTF-8"?>
<!-- Generated by org.testng.reporters.JUnitReportReporter -->
<testsuite hostname="LAPTOP-6UNA8P7R" failures="0" tests="1" name="org.AppiumTestCases.eCommerce_TC2_SumITems" time="15.003" errors="0" timestamp="2024-11-17T00:09:12 EST" skipped="0">
  <testcase classname="org.AppiumTestCases.eCommerce_TC2_SumITems" name="SumItem" time="15.003"/>
  <system-out/>
</testsuite> <!-- org.AppiumTestCases.eCommerce_TC2_SumITems -->
