<?xml version="1.0" encoding="UTF-8"?>
<!-- Generated by org.testng.reporters.JUnitReportReporter -->
<testsuite hostname="LAPTOP-6UNA8P7R" failures="0" tests="2" name="org.AppiumTestCases.eCommerce_TC5_withDataprovider" time="85.158" errors="0" timestamp="2024-11-18T12:58:20 EST" skipped="0">
  <testcase classname="org.AppiumTestCases.eCommerce_TC5_withDataprovider" name="fillForm" time="23.737"/>
  <system-out/>
  <testcase classname="org.AppiumTestCases.eCommerce_TC5_withDataprovider" name="fillForm" time="61.421"/>
  <system-out/>
</testsuite> <!-- org.AppiumTestCases.eCommerce_TC5_withDataprovider -->
