<?xml version="1.0" encoding="UTF-8"?>
<!-- Generated by org.testng.reporters.JUnitReportReporter -->
<testsuite hostname="LAPTOP-6UNA8P7R" failures="0" tests="1" name="org.AppiumBasic.eCommerce_TC2" time="16.469" errors="0" timestamp="2023-11-14T16:30:22 EST" skipped="0">
  <testcase classname="org.AppiumBasic.eCommerce_TC2" name="fillForm" time="16.469"/>
  <system-out/>
</testsuite> <!-- org.AppiumBasic.eCommerce_TC2 -->
