<?xml version="1.0" encoding="UTF-8"?>
<!-- Generated by org.testng.reporters.JUnitReportReporter -->
<testsuite hostname="LAPTOP-6UNA8P7R" failures="0" tests="1" name="org.AppiumBasic.eCommerce_TC1_Tostmessage" time="10.276" errors="0" timestamp="2023-12-04T14:27:09 EST" skipped="0">
  <testcase classname="org.AppiumBasic.eCommerce_TC1_Tostmessage" name="fillForm_ErrorValidation" time="10.276"/>
  <system-out/>
</testsuite> <!-- org.AppiumBasic.eCommerce_TC1_Tostmessage -->
