<?xml version="1.0" encoding="UTF-8"?>
<!-- Generated by org.testng.reporters.JUnitReportReporter -->
<testsuite hostname="LAPTOP-6UNA8P7R" failures="0" tests="1" name="org.AppiumBasic.Assignment" time="3.416" errors="0" timestamp="2023-11-13T14:14:58 EST" skipped="0">
  <testcase classname="org.AppiumBasic.Assignment" name="DragDropTest" time="3.416"/>
  <system-out/>
</testsuite> <!-- org.AppiumBasic.Assignment -->
