<?xml version="1.0" encoding="UTF-8"?>
<!-- Generated by org.testng.reporters.JUnitReportReporter -->
<testsuite hostname="LAPTOP-6UNA8P7R" failures="0" tests="2" name="org.AppiumTestCases.eCommerce_TC4_withDataprovider" time="90.977" errors="0" timestamp="2024-04-17T13:09:52 EDT" skipped="0">
  <testcase classname="org.AppiumTestCases.eCommerce_TC4_withDataprovider" name="fillForm" time="31.484"/>
  <system-out/>
  <testcase classname="org.AppiumTestCases.eCommerce_TC4_withDataprovider" name="fillForm" time="59.493"/>
  <system-out/>
</testsuite> <!-- org.AppiumTestCases.eCommerce_TC4_withDataprovider -->
