<?xml version="1.0" encoding="UTF-8"?>
<!-- Generated by org.testng.reporters.JUnitReportReporter -->
<testsuite hostname="LAPTOP-6UNA8P7R" failures="0" tests="1" name="org.AppiumTestCases.eCommerce_TC8_extentreport3" time="12.140" errors="0" timestamp="19 Nov 2024 02:33:59 GMT" skipped="0">
  <testcase classname="org.AppiumTestCases.eCommerce_TC8_extentreport3" name="fillForm_ErrorValidation" time="12.140"/>
</testsuite> <!-- org.AppiumTestCases.eCommerce_TC8_extentreport3 -->
