<?xml version="1.0" encoding="UTF-8"?>
<!-- Generated by org.testng.reporters.JUnitReportReporter -->
<testsuite hostname="LAPTOP-6UNA8P7R" failures="0" tests="3" name="org.AppiumTestCases.eCommerce_TC6_JsonDataprovider2" time="46.339" errors="0" timestamp="2024-11-17T00:25:24 EST" skipped="0">
  <testcase classname="org.AppiumTestCases.eCommerce_TC6_JsonDataprovider2" name="fillForm" time="16.139"/>
  <system-out/>
  <testcase classname="org.AppiumTestCases.eCommerce_TC6_JsonDataprovider2" name="fillForm" time="14.977"/>
  <system-out/>
  <testcase classname="org.AppiumTestCases.eCommerce_TC6_JsonDataprovider2" name="fillForm" time="15.223"/>
  <system-out/>
</testsuite> <!-- org.AppiumTestCases.eCommerce_TC6_JsonDataprovider2 -->
