<?xml version="1.0" encoding="UTF-8"?>
<!-- Generated by org.testng.reporters.JUnitReportReporter -->
<testsuite skipped="0" hostname="LAPTOP-6UNA8P7R" name="org.AppiumTestCases.eCommerce_TC8_extentreport3" tests="1" failures="0" timestamp="19 Nov 2024 03:44:36 GMT" time="13.720" errors="0">
  <testcase name="fillForm_ErrorValidation" time="13.720" classname="org.AppiumTestCases.eCommerce_TC8_extentreport3"/>
</testsuite> <!-- org.AppiumTestCases.eCommerce_TC8_extentreport3 -->
